0 info it worked if it ends with ok
1 verbose cli [ 'C:\\Program Files (x86)\\nodejs\\node.exe',
1 verbose cli   'C:\\Program Files (x86)\\nodejs\\node_modules\\npm\\bin\\npm-cli.js',
1 verbose cli   'run',
1 verbose cli   'dev' ]
2 info using npm@3.3.6
3 info using node@v5.0.0
4 verbose run-script [ 'predev', 'dev', 'postdev' ]
5 info lifecycle twitch-widget@1.0.0~predev: twitch-widget@1.0.0
6 silly lifecycle twitch-widget@1.0.0~predev: no script for predev, continuing
7 info lifecycle twitch-widget@1.0.0~dev: twitch-widget@1.0.0
8 verbose lifecycle twitch-widget@1.0.0~dev: unsafe-perm in lifecycle true
9 verbose lifecycle twitch-widget@1.0.0~dev: PATH: C:\Program Files (x86)\nodejs\node_modules\npm\bin\node-gyp-bin;C:\Users\Daniel\code\twitch-widget\node_modules\.bin;C:\Users\Daniel\bin;C:\Program Files\Git\mingw64\bin;C:\Program Files\Git\usr\local\bin;C:\Program Files\Git\usr\bin;C:\Program Files\Git\usr\bin;C:\Program Files\Git\cmd;C:\Users\Daniel\Dropbox\__Personal\Daniel\Shells\cmder\vendor\conemu-maximus5;C:\Users\Daniel\Dropbox\__Personal\Daniel\Shells\cmder\vendor\conemu-maximus5\ConEmu;C:\Program Files (x86)\iis express\PHP\v5.4;C:\Program Files (x86)\Microsoft Visual Studio 12.0\Common7\IDE\CommonExtensions\Microsoft\TeamFoundation\Team Explorer\NativeBinaries\x86;C:\Program Files\PHP\v5.3;C:\Program Files\Common Files\Microsoft Shared\Windows Live;C:\Program Files (x86)\Common Files\Microsoft Shared\Windows Live;C:\Program Files (x86)\Intel\iCLS Client;C:\Program Files\Intel\iCLS Client;C:\Windows\system32;C:\Windows;C:\Windows\System32\Wbem;C:\Program Files\Intel\Intel(R) Management Engine Components\DAL;C:\Program Files\Intel\Intel(R) Management Engine Components\IPT;C:\Program Files (x86)\Intel\Intel(R) Management Engine Components\DAL;C:\Program Files (x86)\Intel\Intel(R) Management Engine Components\IPT;C:\Program Files\Intel\WiFi\bin;C:\Program Files\Common Files\Intel\WirelessCommon;C:\Program Files (x86)\Windows Live\Shared;C:\Program Files\Microsoft\Web Platform Installer;C:\Program Files (x86)\Microsoft ASP.NET\ASP.NET Web Pages\v;C:\Program Files (x86)\Microsoft SQL Server\110\Tools\Binn;C:\Program Files\Microsoft SQL Server\110\Tools\Binn;C:\Program Files\Microsoft SQL Server\110\DTS\Binn;C:\Program Files (x86)\Microsoft SQL Server\110\Tools\Binn\ManagementStudio;C:\Program Files (x86)\Microsoft SQL Server\110\DTS\Binn;C:\Program Files\Microsoft SQL Server\120\Tools\Binn;C:\Program Files (x86)\Heroku\bin;C:\Program Files (x86)\git\cmd;C:\WINDOWS\System32\WindowsPowerShell\v1.0;C:\WINDOWS\system32;C:\WINDOWS;C:\WINDOWS\System32\Wbem;C:\WINDOWS\System32\WindowsPowerShell\v1.0;C:\Program Files\Microsoft DNX\Dnvm;C:\Program Files (x86)\Windows Kits\10\Windows Performance Toolkit;C:\Program Files (x86)\nodejs;C:\Program Files\dotnet\bin;C:\Program Files\Git\cmd;C:\Users\Daniel\.dnx\runtimes\dnx-clr-win-x86.1.0.0-rc1-update1\bin;C:\Users\Daniel\.dnx\bin;C:\Users\Daniel\AppData\Local\atom\bin;C:\Users\Daniel\AppData\Roaming\npm;C:\Program Files (x86)\Microsoft VS Code\bin;C:\Program Files\MongoDB\Server\3.0\bin;C:\Users\Daniel\AppData\Local\atom\bin;C:\Program Files\Git\usr\bin\vendor_perl;C:\Program Files\Git\usr\bin\core_perl
10 verbose lifecycle twitch-widget@1.0.0~dev: CWD: C:\Users\Daniel\code\twitch-widget
11 silly lifecycle twitch-widget@1.0.0~dev: Args: [ '/d /s /c', 'babel-node ./server/app' ]
12 silly lifecycle twitch-widget@1.0.0~dev: Returned: code: 1  signal: null
13 info lifecycle twitch-widget@1.0.0~dev: Failed to exec dev script
14 verbose stack Error: twitch-widget@1.0.0 dev: `babel-node ./server/app`
14 verbose stack Exit status 1
14 verbose stack     at EventEmitter.<anonymous> (C:\Program Files (x86)\nodejs\node_modules\npm\lib\utils\lifecycle.js:233:16)
14 verbose stack     at emitTwo (events.js:87:13)
14 verbose stack     at EventEmitter.emit (events.js:172:7)
14 verbose stack     at ChildProcess.<anonymous> (C:\Program Files (x86)\nodejs\node_modules\npm\lib\utils\spawn.js:24:14)
14 verbose stack     at emitTwo (events.js:87:13)
14 verbose stack     at ChildProcess.emit (events.js:172:7)
14 verbose stack     at maybeClose (internal/child_process.js:818:16)
14 verbose stack     at Process.ChildProcess._handle.onexit (internal/child_process.js:211:5)
15 verbose pkgid twitch-widget@1.0.0
16 verbose cwd C:\Users\Daniel\code\twitch-widget
17 error Windows_NT 10.0.10586
18 error argv "C:\\Program Files (x86)\\nodejs\\node.exe" "C:\\Program Files (x86)\\nodejs\\node_modules\\npm\\bin\\npm-cli.js" "run" "dev"
19 error node v5.0.0
20 error npm  v3.3.6
21 error code ELIFECYCLE
22 error twitch-widget@1.0.0 dev: `babel-node ./server/app`
22 error Exit status 1
23 error Failed at the twitch-widget@1.0.0 dev script 'babel-node ./server/app'.
23 error This is most likely a problem with the twitch-widget package,
23 error not with npm itself.
23 error Tell the author that this fails on your system:
23 error     babel-node ./server/app
23 error You can get their info via:
23 error     npm owner ls twitch-widget
23 error There is likely additional logging output above.
24 verbose exit [ 1, true ]
